2018-06-14 13:23:48.680  INFO 9192 --- [main] c.a.s.alfrescodb.AlfrescoDbApplication   : Starting AlfrescoDbApplication v0.0.1-SNAPSHOT on work with PID 9192 (C:\Users\Cody Collins\Documents\Premier\Git\aps-db-queries\target\aps-db-0.0.1-SNAPSHOT.jar started by Cody Collins in C:\Users\Cody Collins\Documents\Premier\Git\aps-db-queries\target)
2018-06-14 13:23:48.684  INFO 9192 --- [main] c.a.s.alfrescodb.AlfrescoDbApplication   : No active profile set, falling back to default profiles: default
2018-06-14 13:23:51.275  INFO 9192 --- [main] s.b.c.e.t.TomcatEmbeddedServletContainer : Tomcat initialized with port(s): 9999 (http)
2018-06-14 13:23:53.629  INFO 9192 --- [main] s.b.c.e.t.TomcatEmbeddedServletContainer : Tomcat started on port(s): 9999 (http)
2018-06-14 13:23:53.635  INFO 9192 --- [main] c.a.s.alfrescodb.AlfrescoDbApplication   : Started AlfrescoDbApplication in 5.461 seconds (JVM running for 5.993)
2018-06-14 13:55:52.772  INFO 5820 --- [main] c.a.s.alfrescodb.AlfrescoDbApplication   : Starting AlfrescoDbApplication v0.0.1-SNAPSHOT on work with PID 5820 (C:\Users\Cody Collins\Documents\Premier\Git\aps-db-queries\target\aps-db-0.0.1-SNAPSHOT.jar started by Cody Collins in C:\Users\Cody Collins\Documents\Premier\Git\aps-db-queries\target)
2018-06-14 13:55:52.782  INFO 5820 --- [main] c.a.s.alfrescodb.AlfrescoDbApplication   : No active profile set, falling back to default profiles: default
2018-06-14 13:55:55.228  INFO 5820 --- [main] s.b.c.e.t.TomcatEmbeddedServletContainer : Tomcat initialized with port(s): 9999 (http)
2018-06-14 13:55:57.367  INFO 5820 --- [main] s.b.c.e.t.TomcatEmbeddedServletContainer : Tomcat started on port(s): 9999 (http)
2018-06-14 13:55:57.377  INFO 5820 --- [main] c.a.s.alfrescodb.AlfrescoDbApplication   : Started AlfrescoDbApplication in 5.093 seconds (JVM running for 5.553)
2018-06-14 14:29:10.713  INFO 10396 --- [main] c.a.s.alfrescodb.AlfrescoDbApplication   : Starting AlfrescoDbApplication v0.0.1-SNAPSHOT on work with PID 10396 (C:\Users\Cody Collins\Documents\Premier\Git\aps-db-queries\target\aps-db-0.0.1-SNAPSHOT.jar started by Cody Collins in C:\Users\Cody Collins\Documents\Premier\Git\aps-db-queries\target)
2018-06-14 14:29:10.717  INFO 10396 --- [main] c.a.s.alfrescodb.AlfrescoDbApplication   : No active profile set, falling back to default profiles: default
2018-06-14 14:29:13.145  INFO 10396 --- [main] s.b.c.e.t.TomcatEmbeddedServletContainer : Tomcat initialized with port(s): 9999 (http)
2018-06-14 14:29:15.267  INFO 10396 --- [main] s.b.c.e.t.TomcatEmbeddedServletContainer : Tomcat started on port(s): 9999 (http)
2018-06-14 14:29:15.273  INFO 10396 --- [main] c.a.s.alfrescodb.AlfrescoDbApplication   : Started AlfrescoDbApplication in 5.013 seconds (JVM running for 5.537)
2018-06-15 09:59:45.317  INFO 9492 --- [main] c.a.s.alfrescodb.AlfrescoDbApplication   : Starting AlfrescoDbApplication v0.0.1-SNAPSHOT on work with PID 9492 (C:\Users\Cody Collins\Documents\Premier\Git\aps-db-queries\target\aps-db-0.0.1-SNAPSHOT.jar started by Cody Collins in C:\Users\Cody Collins\Documents\Premier\Git\aps-db-queries\target)
2018-06-15 09:59:45.322  INFO 9492 --- [main] c.a.s.alfrescodb.AlfrescoDbApplication   : No active profile set, falling back to default profiles: default
2018-06-15 09:59:48.536  INFO 9492 --- [main] s.b.c.e.t.TomcatEmbeddedServletContainer : Tomcat initialized with port(s): 9999 (http)
2018-06-15 09:59:51.913  INFO 9492 --- [main] s.b.c.e.t.TomcatEmbeddedServletContainer : Tomcat started on port(s): 9999 (http)
2018-06-15 09:59:51.920  INFO 9492 --- [main] c.a.s.alfrescodb.AlfrescoDbApplication   : Started AlfrescoDbApplication in 7.209 seconds (JVM running for 8.02)
2018-06-15 10:00:00.028 ERROR 9492 --- [http-nio-9999-exec-4] o.a.c.c.C.[.[.[/].[dispatcherServlet]    : Servlet.service() for servlet [dispatcherServlet] in context with path [] threw exception [Request processing failed; nested exception is org.springframework.jdbc.BadSqlGrammarException: 
### Error querying database.  Cause: java.sql.SQLSyntaxErrorException: ORA-00908: missing NULL keyword

### The error may exist in com/alfresco/support/alfrescodb/dao/WorkflowMapper.java (best guess)
### The error may involve defaultParameterMap
### The error occurred while setting parameters
### SQL: select ACT_HI_PROCINST.TENANT_ID_ tenantName, count(*) occurrences from ACT_HI_PROCINST where ACT_HI_PROCINST.END_TIME_ is not null and ACT_HI_PROCINST.DELETE_REASON is nullgroup by ACT_HI_PROCINST.TENANT_ID_
### Cause: java.sql.SQLSyntaxErrorException: ORA-00908: missing NULL keyword

; bad SQL grammar []; nested exception is java.sql.SQLSyntaxErrorException: ORA-00908: missing NULL keyword
] with root cause

java.sql.SQLSyntaxErrorException: ORA-00908: missing NULL keyword

	at oracle.jdbc.driver.SQLStateMapping.newSQLException(SQLStateMapping.java:91) ~[ojdbc6-11.2.0.3.jar!/:Oracle JDBC Driver version - "11.1.0.7.0-Production"]
	at oracle.jdbc.driver.DatabaseError.newSQLException(DatabaseError.java:133) ~[ojdbc6-11.2.0.3.jar!/:Oracle JDBC Driver version - "11.1.0.7.0-Production"]
	at oracle.jdbc.driver.DatabaseError.throwSqlException(DatabaseError.java:206) ~[ojdbc6-11.2.0.3.jar!/:Oracle JDBC Driver version - "11.1.0.7.0-Production"]
	at oracle.jdbc.driver.T4CTTIoer.processError(T4CTTIoer.java:455) ~[ojdbc6-11.2.0.3.jar!/:Oracle JDBC Driver version - "11.1.0.7.0-Production"]
	at oracle.jdbc.driver.T4CTTIoer.processError(T4CTTIoer.java:413) ~[ojdbc6-11.2.0.3.jar!/:Oracle JDBC Driver version - "11.1.0.7.0-Production"]
	at oracle.jdbc.driver.T4C8Oall.receive(T4C8Oall.java:1034) ~[ojdbc6-11.2.0.3.jar!/:Oracle JDBC Driver version - "11.1.0.7.0-Production"]
	at oracle.jdbc.driver.T4CPreparedStatement.doOall8(T4CPreparedStatement.java:194) ~[ojdbc6-11.2.0.3.jar!/:Oracle JDBC Driver version - "11.1.0.7.0-Production"]
	at oracle.jdbc.driver.T4CPreparedStatement.executeForDescribe(T4CPreparedStatement.java:791) ~[ojdbc6-11.2.0.3.jar!/:Oracle JDBC Driver version - "11.1.0.7.0-Production"]
	at oracle.jdbc.driver.T4CPreparedStatement.executeMaybeDescribe(T4CPreparedStatement.java:866) ~[ojdbc6-11.2.0.3.jar!/:Oracle JDBC Driver version - "11.1.0.7.0-Production"]
	at oracle.jdbc.driver.OracleStatement.doExecuteWithTimeout(OracleStatement.java:1186) ~[ojdbc6-11.2.0.3.jar!/:Oracle JDBC Driver version - "11.1.0.7.0-Production"]
	at oracle.jdbc.driver.OraclePreparedStatement.executeInternal(OraclePreparedStatement.java:3387) ~[ojdbc6-11.2.0.3.jar!/:Oracle JDBC Driver version - "11.1.0.7.0-Production"]
	at oracle.jdbc.driver.OraclePreparedStatement.execute(OraclePreparedStatement.java:3488) ~[ojdbc6-11.2.0.3.jar!/:Oracle JDBC Driver version - "11.1.0.7.0-Production"]
	at oracle.jdbc.driver.OraclePreparedStatementWrapper.execute(OraclePreparedStatementWrapper.java:1374) ~[ojdbc6-11.2.0.3.jar!/:Oracle JDBC Driver version - "11.1.0.7.0-Production"]
	at sun.reflect.NativeMethodAccessorImpl.invoke0(Native Method) ~[na:1.8.0_31]
	at sun.reflect.NativeMethodAccessorImpl.invoke(Unknown Source) ~[na:1.8.0_31]
	at sun.reflect.DelegatingMethodAccessorImpl.invoke(Unknown Source) ~[na:1.8.0_31]
	at java.lang.reflect.Method.invoke(Unknown Source) ~[na:1.8.0_31]
	at org.apache.tomcat.jdbc.pool.StatementFacade$StatementProxy.invoke(StatementFacade.java:114) ~[tomcat-jdbc-8.5.27.jar!/:na]
	at com.sun.proxy.$Proxy73.execute(Unknown Source) ~[na:na]
	at org.apache.ibatis.executor.statement.PreparedStatementHandler.query(PreparedStatementHandler.java:63) ~[mybatis-3.4.4.jar!/:3.4.4]
	at org.apache.ibatis.executor.statement.RoutingStatementHandler.query(RoutingStatementHandler.java:79) ~[mybatis-3.4.4.jar!/:3.4.4]
	at org.apache.ibatis.executor.SimpleExecutor.doQuery(SimpleExecutor.java:63) ~[mybatis-3.4.4.jar!/:3.4.4]
	at org.apache.ibatis.executor.BaseExecutor.queryFromDatabase(BaseExecutor.java:324) ~[mybatis-3.4.4.jar!/:3.4.4]
	at org.apache.ibatis.executor.BaseExecutor.query(BaseExecutor.java:156) ~[mybatis-3.4.4.jar!/:3.4.4]
	at org.apache.ibatis.executor.CachingExecutor.query(CachingExecutor.java:109) ~[mybatis-3.4.4.jar!/:3.4.4]
	at org.apache.ibatis.executor.CachingExecutor.query(CachingExecutor.java:83) ~[mybatis-3.4.4.jar!/:3.4.4]
	at org.apache.ibatis.session.defaults.DefaultSqlSession.selectList(DefaultSqlSession.java:148) ~[mybatis-3.4.4.jar!/:3.4.4]
	at org.apache.ibatis.session.defaults.DefaultSqlSession.selectList(DefaultSqlSession.java:141) ~[mybatis-3.4.4.jar!/:3.4.4]
	at sun.reflect.NativeMethodAccessorImpl.invoke0(Native Method) ~[na:1.8.0_31]
	at sun.reflect.NativeMethodAccessorImpl.invoke(Unknown Source) ~[na:1.8.0_31]
	at sun.reflect.DelegatingMethodAccessorImpl.invoke(Unknown Source) ~[na:1.8.0_31]
	at java.lang.reflect.Method.invoke(Unknown Source) ~[na:1.8.0_31]
	at org.mybatis.spring.SqlSessionTemplate$SqlSessionInterceptor.invoke(SqlSessionTemplate.java:433) ~[mybatis-spring-1.3.1.jar!/:1.3.1]
	at com.sun.proxy.$Proxy56.selectList(Unknown Source) ~[na:na]
	at org.mybatis.spring.SqlSessionTemplate.selectList(SqlSessionTemplate.java:230) ~[mybatis-spring-1.3.1.jar!/:1.3.1]
	at org.apache.ibatis.binding.MapperMethod.executeForMany(MapperMethod.java:137) ~[mybatis-3.4.4.jar!/:3.4.4]
	at org.apache.ibatis.binding.MapperMethod.execute(MapperMethod.java:75) ~[mybatis-3.4.4.jar!/:3.4.4]
	at org.apache.ibatis.binding.MapperProxy.invoke(MapperProxy.java:59) ~[mybatis-3.4.4.jar!/:3.4.4]
	at com.sun.proxy.$Proxy61.completedProcesses(Unknown Source) ~[na:na]
	at com.alfresco.support.alfrescodb.controller.SqlMapperController.findCompletedWorkflows(SqlMapperController.java:129) ~[classes!/:0.0.1-SNAPSHOT]
	at com.alfresco.support.alfrescodb.controller.WebController.workflows(WebController.java:301) ~[classes!/:0.0.1-SNAPSHOT]
	at sun.reflect.NativeMethodAccessorImpl.invoke0(Native Method) ~[na:1.8.0_31]
	at sun.reflect.NativeMethodAccessorImpl.invoke(Unknown Source) ~[na:1.8.0_31]
	at sun.reflect.DelegatingMethodAccessorImpl.invoke(Unknown Source) ~[na:1.8.0_31]
	at java.lang.reflect.Method.invoke(Unknown Source) ~[na:1.8.0_31]
	at org.springframework.web.method.support.InvocableHandlerMethod.doInvoke(InvocableHandlerMethod.java:205) ~[spring-web-4.3.14.RELEASE.jar!/:4.3.14.RELEASE]
	at org.springframework.web.method.support.InvocableHandlerMethod.invokeForRequest(InvocableHandlerMethod.java:133) ~[spring-web-4.3.14.RELEASE.jar!/:4.3.14.RELEASE]
	at org.springframework.web.servlet.mvc.method.annotation.ServletInvocableHandlerMethod.invokeAndHandle(ServletInvocableHandlerMethod.java:97) ~[spring-webmvc-4.3.14.RELEASE.jar!/:4.3.14.RELEASE]
	at org.springframework.web.servlet.mvc.method.annotation.RequestMappingHandlerAdapter.invokeHandlerMethod(RequestMappingHandlerAdapter.java:827) ~[spring-webmvc-4.3.14.RELEASE.jar!/:4.3.14.RELEASE]
	at org.springframework.web.servlet.mvc.method.annotation.RequestMappingHandlerAdapter.handleInternal(RequestMappingHandlerAdapter.java:738) ~[spring-webmvc-4.3.14.RELEASE.jar!/:4.3.14.RELEASE]
	at org.springframework.web.servlet.mvc.method.AbstractHandlerMethodAdapter.handle(AbstractHandlerMethodAdapter.java:85) ~[spring-webmvc-4.3.14.RELEASE.jar!/:4.3.14.RELEASE]
	at org.springframework.web.servlet.DispatcherServlet.doDispatch(DispatcherServlet.java:967) ~[spring-webmvc-4.3.14.RELEASE.jar!/:4.3.14.RELEASE]
	at org.springframework.web.servlet.DispatcherServlet.doService(DispatcherServlet.java:901) ~[spring-webmvc-4.3.14.RELEASE.jar!/:4.3.14.RELEASE]
	at org.springframework.web.servlet.FrameworkServlet.processRequest(FrameworkServlet.java:970) ~[spring-webmvc-4.3.14.RELEASE.jar!/:4.3.14.RELEASE]
	at org.springframework.web.servlet.FrameworkServlet.doGet(FrameworkServlet.java:861) ~[spring-webmvc-4.3.14.RELEASE.jar!/:4.3.14.RELEASE]
	at javax.servlet.http.HttpServlet.service(HttpServlet.java:635) ~[tomcat-embed-core-8.5.27.jar!/:8.5.27]
	at org.springframework.web.servlet.FrameworkServlet.service(FrameworkServlet.java:846) ~[spring-webmvc-4.3.14.RELEASE.jar!/:4.3.14.RELEASE]
	at javax.servlet.http.HttpServlet.service(HttpServlet.java:742) ~[tomcat-embed-core-8.5.27.jar!/:8.5.27]
	at org.apache.catalina.core.ApplicationFilterChain.internalDoFilter(ApplicationFilterChain.java:231) ~[tomcat-embed-core-8.5.27.jar!/:8.5.27]
	at org.apache.catalina.core.ApplicationFilterChain.doFilter(ApplicationFilterChain.java:166) ~[tomcat-embed-core-8.5.27.jar!/:8.5.27]
	at org.apache.tomcat.websocket.server.WsFilter.doFilter(WsFilter.java:52) ~[tomcat-embed-websocket-8.5.27.jar!/:8.5.27]
	at org.apache.catalina.core.ApplicationFilterChain.internalDoFilter(ApplicationFilterChain.java:193) ~[tomcat-embed-core-8.5.27.jar!/:8.5.27]
	at org.apache.catalina.core.ApplicationFilterChain.doFilter(ApplicationFilterChain.java:166) ~[tomcat-embed-core-8.5.27.jar!/:8.5.27]
	at org.springframework.web.filter.RequestContextFilter.doFilterInternal(RequestContextFilter.java:99) ~[spring-web-4.3.14.RELEASE.jar!/:4.3.14.RELEASE]
	at org.springframework.web.filter.OncePerRequestFilter.doFilter(OncePerRequestFilter.java:107) ~[spring-web-4.3.14.RELEASE.jar!/:4.3.14.RELEASE]
	at org.apache.catalina.core.ApplicationFilterChain.internalDoFilter(ApplicationFilterChain.java:193) ~[tomcat-embed-core-8.5.27.jar!/:8.5.27]
	at org.apache.catalina.core.ApplicationFilterChain.doFilter(ApplicationFilterChain.java:166) ~[tomcat-embed-core-8.5.27.jar!/:8.5.27]
	at org.springframework.web.filter.HttpPutFormContentFilter.doFilterInternal(HttpPutFormContentFilter.java:108) ~[spring-web-4.3.14.RELEASE.jar!/:4.3.14.RELEASE]
	at org.springframework.web.filter.OncePerRequestFilter.doFilter(OncePerRequestFilter.java:107) ~[spring-web-4.3.14.RELEASE.jar!/:4.3.14.RELEASE]
	at org.apache.catalina.core.ApplicationFilterChain.internalDoFilter(ApplicationFilterChain.java:193) ~[tomcat-embed-core-8.5.27.jar!/:8.5.27]
	at org.apache.catalina.core.ApplicationFilterChain.doFilter(ApplicationFilterChain.java:166) ~[tomcat-embed-core-8.5.27.jar!/:8.5.27]
	at org.springframework.web.filter.HiddenHttpMethodFilter.doFilterInternal(HiddenHttpMethodFilter.java:81) ~[spring-web-4.3.14.RELEASE.jar!/:4.3.14.RELEASE]
	at org.springframework.web.filter.OncePerRequestFilter.doFilter(OncePerRequestFilter.java:107) ~[spring-web-4.3.14.RELEASE.jar!/:4.3.14.RELEASE]
	at org.apache.catalina.core.ApplicationFilterChain.internalDoFilter(ApplicationFilterChain.java:193) ~[tomcat-embed-core-8.5.27.jar!/:8.5.27]
	at org.apache.catalina.core.ApplicationFilterChain.doFilter(ApplicationFilterChain.java:166) ~[tomcat-embed-core-8.5.27.jar!/:8.5.27]
	at org.springframework.web.filter.CharacterEncodingFilter.doFilterInternal(CharacterEncodingFilter.java:197) ~[spring-web-4.3.14.RELEASE.jar!/:4.3.14.RELEASE]
	at org.springframework.web.filter.OncePerRequestFilter.doFilter(OncePerRequestFilter.java:107) ~[spring-web-4.3.14.RELEASE.jar!/:4.3.14.RELEASE]
	at org.apache.catalina.core.ApplicationFilterChain.internalDoFilter(ApplicationFilterChain.java:193) ~[tomcat-embed-core-8.5.27.jar!/:8.5.27]
	at org.apache.catalina.core.ApplicationFilterChain.doFilter(ApplicationFilterChain.java:166) ~[tomcat-embed-core-8.5.27.jar!/:8.5.27]
	at org.apache.catalina.core.StandardWrapperValve.invoke(StandardWrapperValve.java:199) ~[tomcat-embed-core-8.5.27.jar!/:8.5.27]
	at org.apache.catalina.core.StandardContextValve.invoke(StandardContextValve.java:96) [tomcat-embed-core-8.5.27.jar!/:8.5.27]
	at org.apache.catalina.authenticator.AuthenticatorBase.invoke(AuthenticatorBase.java:504) [tomcat-embed-core-8.5.27.jar!/:8.5.27]
	at org.apache.catalina.core.StandardHostValve.invoke(StandardHostValve.java:140) [tomcat-embed-core-8.5.27.jar!/:8.5.27]
	at org.apache.catalina.valves.ErrorReportValve.invoke(ErrorReportValve.java:81) [tomcat-embed-core-8.5.27.jar!/:8.5.27]
	at org.apache.catalina.core.StandardEngineValve.invoke(StandardEngineValve.java:87) [tomcat-embed-core-8.5.27.jar!/:8.5.27]
	at org.apache.catalina.connector.CoyoteAdapter.service(CoyoteAdapter.java:342) [tomcat-embed-core-8.5.27.jar!/:8.5.27]
	at org.apache.coyote.http11.Http11Processor.service(Http11Processor.java:803) [tomcat-embed-core-8.5.27.jar!/:8.5.27]
	at org.apache.coyote.AbstractProcessorLight.process(AbstractProcessorLight.java:66) [tomcat-embed-core-8.5.27.jar!/:8.5.27]
	at org.apache.coyote.AbstractProtocol$ConnectionHandler.process(AbstractProtocol.java:790) [tomcat-embed-core-8.5.27.jar!/:8.5.27]
	at org.apache.tomcat.util.net.NioEndpoint$SocketProcessor.doRun(NioEndpoint.java:1459) [tomcat-embed-core-8.5.27.jar!/:8.5.27]
	at org.apache.tomcat.util.net.SocketProcessorBase.run(SocketProcessorBase.java:49) [tomcat-embed-core-8.5.27.jar!/:8.5.27]
	at java.util.concurrent.ThreadPoolExecutor.runWorker(Unknown Source) [na:1.8.0_31]
	at java.util.concurrent.ThreadPoolExecutor$Worker.run(Unknown Source) [na:1.8.0_31]
	at org.apache.tomcat.util.threads.TaskThread$WrappingRunnable.run(TaskThread.java:61) [tomcat-embed-core-8.5.27.jar!/:8.5.27]
	at java.lang.Thread.run(Unknown Source) [na:1.8.0_31]

2018-06-15 10:02:36.641  INFO 5072 --- [main] c.a.s.alfrescodb.AlfrescoDbApplication   : Starting AlfrescoDbApplication v0.0.1-SNAPSHOT on work with PID 5072 (C:\Users\Cody Collins\Documents\Premier\Git\aps-db-queries\target\aps-db-0.0.1-SNAPSHOT.jar started by Cody Collins in C:\Users\Cody Collins\Documents\Premier\Git\aps-db-queries\target)
2018-06-15 10:02:36.645  INFO 5072 --- [main] c.a.s.alfrescodb.AlfrescoDbApplication   : No active profile set, falling back to default profiles: default
2018-06-15 10:02:39.042  INFO 5072 --- [main] s.b.c.e.t.TomcatEmbeddedServletContainer : Tomcat initialized with port(s): 9999 (http)
2018-06-15 10:02:41.424  INFO 5072 --- [main] s.b.c.e.t.TomcatEmbeddedServletContainer : Tomcat started on port(s): 9999 (http)
2018-06-15 10:02:41.430  INFO 5072 --- [main] c.a.s.alfrescodb.AlfrescoDbApplication   : Started AlfrescoDbApplication in 5.245 seconds (JVM running for 5.778)
2018-06-15 10:02:50.523 ERROR 5072 --- [http-nio-9999-exec-1] o.a.c.c.C.[.[.[/].[dispatcherServlet]    : Servlet.service() for servlet [dispatcherServlet] in context with path [] threw exception [Request processing failed; nested exception is org.springframework.jdbc.BadSqlGrammarException: 
### Error querying database.  Cause: java.sql.SQLSyntaxErrorException: ORA-00904: "ACT_HI_PROCINST"."DELETE_REASON": invalid identifier

### The error may exist in com/alfresco/support/alfrescodb/dao/WorkflowMapper.java (best guess)
### The error may involve defaultParameterMap
### The error occurred while setting parameters
### SQL: select ACT_HI_PROCINST.TENANT_ID_ tenantName, count(*) occurrences from ACT_HI_PROCINST where ACT_HI_PROCINST.END_TIME_ is not null and ACT_HI_PROCINST.DELETE_REASON is null group by ACT_HI_PROCINST.TENANT_ID_
### Cause: java.sql.SQLSyntaxErrorException: ORA-00904: "ACT_HI_PROCINST"."DELETE_REASON": invalid identifier

; bad SQL grammar []; nested exception is java.sql.SQLSyntaxErrorException: ORA-00904: "ACT_HI_PROCINST"."DELETE_REASON": invalid identifier
] with root cause

java.sql.SQLSyntaxErrorException: ORA-00904: "ACT_HI_PROCINST"."DELETE_REASON": invalid identifier

	at oracle.jdbc.driver.SQLStateMapping.newSQLException(SQLStateMapping.java:91) ~[ojdbc6-11.2.0.3.jar!/:Oracle JDBC Driver version - "11.1.0.7.0-Production"]
	at oracle.jdbc.driver.DatabaseError.newSQLException(DatabaseError.java:133) ~[ojdbc6-11.2.0.3.jar!/:Oracle JDBC Driver version - "11.1.0.7.0-Production"]
	at oracle.jdbc.driver.DatabaseError.throwSqlException(DatabaseError.java:206) ~[ojdbc6-11.2.0.3.jar!/:Oracle JDBC Driver version - "11.1.0.7.0-Production"]
	at oracle.jdbc.driver.T4CTTIoer.processError(T4CTTIoer.java:455) ~[ojdbc6-11.2.0.3.jar!/:Oracle JDBC Driver version - "11.1.0.7.0-Production"]
	at oracle.jdbc.driver.T4CTTIoer.processError(T4CTTIoer.java:413) ~[ojdbc6-11.2.0.3.jar!/:Oracle JDBC Driver version - "11.1.0.7.0-Production"]
	at oracle.jdbc.driver.T4C8Oall.receive(T4C8Oall.java:1034) ~[ojdbc6-11.2.0.3.jar!/:Oracle JDBC Driver version - "11.1.0.7.0-Production"]
	at oracle.jdbc.driver.T4CPreparedStatement.doOall8(T4CPreparedStatement.java:194) ~[ojdbc6-11.2.0.3.jar!/:Oracle JDBC Driver version - "11.1.0.7.0-Production"]
	at oracle.jdbc.driver.T4CPreparedStatement.executeForDescribe(T4CPreparedStatement.java:791) ~[ojdbc6-11.2.0.3.jar!/:Oracle JDBC Driver version - "11.1.0.7.0-Production"]
	at oracle.jdbc.driver.T4CPreparedStatement.executeMaybeDescribe(T4CPreparedStatement.java:866) ~[ojdbc6-11.2.0.3.jar!/:Oracle JDBC Driver version - "11.1.0.7.0-Production"]
	at oracle.jdbc.driver.OracleStatement.doExecuteWithTimeout(OracleStatement.java:1186) ~[ojdbc6-11.2.0.3.jar!/:Oracle JDBC Driver version - "11.1.0.7.0-Production"]
	at oracle.jdbc.driver.OraclePreparedStatement.executeInternal(OraclePreparedStatement.java:3387) ~[ojdbc6-11.2.0.3.jar!/:Oracle JDBC Driver version - "11.1.0.7.0-Production"]
	at oracle.jdbc.driver.OraclePreparedStatement.execute(OraclePreparedStatement.java:3488) ~[ojdbc6-11.2.0.3.jar!/:Oracle JDBC Driver version - "11.1.0.7.0-Production"]
	at oracle.jdbc.driver.OraclePreparedStatementWrapper.execute(OraclePreparedStatementWrapper.java:1374) ~[ojdbc6-11.2.0.3.jar!/:Oracle JDBC Driver version - "11.1.0.7.0-Production"]
	at sun.reflect.NativeMethodAccessorImpl.invoke0(Native Method) ~[na:1.8.0_31]
	at sun.reflect.NativeMethodAccessorImpl.invoke(Unknown Source) ~[na:1.8.0_31]
	at sun.reflect.DelegatingMethodAccessorImpl.invoke(Unknown Source) ~[na:1.8.0_31]
	at java.lang.reflect.Method.invoke(Unknown Source) ~[na:1.8.0_31]
	at org.apache.tomcat.jdbc.pool.StatementFacade$StatementProxy.invoke(StatementFacade.java:114) ~[tomcat-jdbc-8.5.27.jar!/:na]
	at com.sun.proxy.$Proxy73.execute(Unknown Source) ~[na:na]
	at org.apache.ibatis.executor.statement.PreparedStatementHandler.query(PreparedStatementHandler.java:63) ~[mybatis-3.4.4.jar!/:3.4.4]
	at org.apache.ibatis.executor.statement.RoutingStatementHandler.query(RoutingStatementHandler.java:79) ~[mybatis-3.4.4.jar!/:3.4.4]
	at org.apache.ibatis.executor.SimpleExecutor.doQuery(SimpleExecutor.java:63) ~[mybatis-3.4.4.jar!/:3.4.4]
	at org.apache.ibatis.executor.BaseExecutor.queryFromDatabase(BaseExecutor.java:324) ~[mybatis-3.4.4.jar!/:3.4.4]
	at org.apache.ibatis.executor.BaseExecutor.query(BaseExecutor.java:156) ~[mybatis-3.4.4.jar!/:3.4.4]
	at org.apache.ibatis.executor.CachingExecutor.query(CachingExecutor.java:109) ~[mybatis-3.4.4.jar!/:3.4.4]
	at org.apache.ibatis.executor.CachingExecutor.query(CachingExecutor.java:83) ~[mybatis-3.4.4.jar!/:3.4.4]
	at org.apache.ibatis.session.defaults.DefaultSqlSession.selectList(DefaultSqlSession.java:148) ~[mybatis-3.4.4.jar!/:3.4.4]
	at org.apache.ibatis.session.defaults.DefaultSqlSession.selectList(DefaultSqlSession.java:141) ~[mybatis-3.4.4.jar!/:3.4.4]
	at sun.reflect.NativeMethodAccessorImpl.invoke0(Native Method) ~[na:1.8.0_31]
	at sun.reflect.NativeMethodAccessorImpl.invoke(Unknown Source) ~[na:1.8.0_31]
	at sun.reflect.DelegatingMethodAccessorImpl.invoke(Unknown Source) ~[na:1.8.0_31]
	at java.lang.reflect.Method.invoke(Unknown Source) ~[na:1.8.0_31]
	at org.mybatis.spring.SqlSessionTemplate$SqlSessionInterceptor.invoke(SqlSessionTemplate.java:433) ~[mybatis-spring-1.3.1.jar!/:1.3.1]
	at com.sun.proxy.$Proxy56.selectList(Unknown Source) ~[na:na]
	at org.mybatis.spring.SqlSessionTemplate.selectList(SqlSessionTemplate.java:230) ~[mybatis-spring-1.3.1.jar!/:1.3.1]
	at org.apache.ibatis.binding.MapperMethod.executeForMany(MapperMethod.java:137) ~[mybatis-3.4.4.jar!/:3.4.4]
	at org.apache.ibatis.binding.MapperMethod.execute(MapperMethod.java:75) ~[mybatis-3.4.4.jar!/:3.4.4]
	at org.apache.ibatis.binding.MapperProxy.invoke(MapperProxy.java:59) ~[mybatis-3.4.4.jar!/:3.4.4]
	at com.sun.proxy.$Proxy61.completedProcesses(Unknown Source) ~[na:na]
	at com.alfresco.support.alfrescodb.controller.SqlMapperController.findCompletedWorkflows(SqlMapperController.java:129) ~[classes!/:0.0.1-SNAPSHOT]
	at com.alfresco.support.alfrescodb.controller.WebController.workflows(WebController.java:301) ~[classes!/:0.0.1-SNAPSHOT]
	at sun.reflect.NativeMethodAccessorImpl.invoke0(Native Method) ~[na:1.8.0_31]
	at sun.reflect.NativeMethodAccessorImpl.invoke(Unknown Source) ~[na:1.8.0_31]
	at sun.reflect.DelegatingMethodAccessorImpl.invoke(Unknown Source) ~[na:1.8.0_31]
	at java.lang.reflect.Method.invoke(Unknown Source) ~[na:1.8.0_31]
	at org.springframework.web.method.support.InvocableHandlerMethod.doInvoke(InvocableHandlerMethod.java:205) ~[spring-web-4.3.14.RELEASE.jar!/:4.3.14.RELEASE]
	at org.springframework.web.method.support.InvocableHandlerMethod.invokeForRequest(InvocableHandlerMethod.java:133) ~[spring-web-4.3.14.RELEASE.jar!/:4.3.14.RELEASE]
	at org.springframework.web.servlet.mvc.method.annotation.ServletInvocableHandlerMethod.invokeAndHandle(ServletInvocableHandlerMethod.java:97) ~[spring-webmvc-4.3.14.RELEASE.jar!/:4.3.14.RELEASE]
	at org.springframework.web.servlet.mvc.method.annotation.RequestMappingHandlerAdapter.invokeHandlerMethod(RequestMappingHandlerAdapter.java:827) ~[spring-webmvc-4.3.14.RELEASE.jar!/:4.3.14.RELEASE]
	at org.springframework.web.servlet.mvc.method.annotation.RequestMappingHandlerAdapter.handleInternal(RequestMappingHandlerAdapter.java:738) ~[spring-webmvc-4.3.14.RELEASE.jar!/:4.3.14.RELEASE]
	at org.springframework.web.servlet.mvc.method.AbstractHandlerMethodAdapter.handle(AbstractHandlerMethodAdapter.java:85) ~[spring-webmvc-4.3.14.RELEASE.jar!/:4.3.14.RELEASE]
	at org.springframework.web.servlet.DispatcherServlet.doDispatch(DispatcherServlet.java:967) ~[spring-webmvc-4.3.14.RELEASE.jar!/:4.3.14.RELEASE]
	at org.springframework.web.servlet.DispatcherServlet.doService(DispatcherServlet.java:901) ~[spring-webmvc-4.3.14.RELEASE.jar!/:4.3.14.RELEASE]
	at org.springframework.web.servlet.FrameworkServlet.processRequest(FrameworkServlet.java:970) ~[spring-webmvc-4.3.14.RELEASE.jar!/:4.3.14.RELEASE]
	at org.springframework.web.servlet.FrameworkServlet.doGet(FrameworkServlet.java:861) ~[spring-webmvc-4.3.14.RELEASE.jar!/:4.3.14.RELEASE]
	at javax.servlet.http.HttpServlet.service(HttpServlet.java:635) ~[tomcat-embed-core-8.5.27.jar!/:8.5.27]
	at org.springframework.web.servlet.FrameworkServlet.service(FrameworkServlet.java:846) ~[spring-webmvc-4.3.14.RELEASE.jar!/:4.3.14.RELEASE]
	at javax.servlet.http.HttpServlet.service(HttpServlet.java:742) ~[tomcat-embed-core-8.5.27.jar!/:8.5.27]
	at org.apache.catalina.core.ApplicationFilterChain.internalDoFilter(ApplicationFilterChain.java:231) ~[tomcat-embed-core-8.5.27.jar!/:8.5.27]
	at org.apache.catalina.core.ApplicationFilterChain.doFilter(ApplicationFilterChain.java:166) ~[tomcat-embed-core-8.5.27.jar!/:8.5.27]
	at org.apache.tomcat.websocket.server.WsFilter.doFilter(WsFilter.java:52) ~[tomcat-embed-websocket-8.5.27.jar!/:8.5.27]
	at org.apache.catalina.core.ApplicationFilterChain.internalDoFilter(ApplicationFilterChain.java:193) ~[tomcat-embed-core-8.5.27.jar!/:8.5.27]
	at org.apache.catalina.core.ApplicationFilterChain.doFilter(ApplicationFilterChain.java:166) ~[tomcat-embed-core-8.5.27.jar!/:8.5.27]
	at org.springframework.web.filter.RequestContextFilter.doFilterInternal(RequestContextFilter.java:99) ~[spring-web-4.3.14.RELEASE.jar!/:4.3.14.RELEASE]
	at org.springframework.web.filter.OncePerRequestFilter.doFilter(OncePerRequestFilter.java:107) ~[spring-web-4.3.14.RELEASE.jar!/:4.3.14.RELEASE]
	at org.apache.catalina.core.ApplicationFilterChain.internalDoFilter(ApplicationFilterChain.java:193) ~[tomcat-embed-core-8.5.27.jar!/:8.5.27]
	at org.apache.catalina.core.ApplicationFilterChain.doFilter(ApplicationFilterChain.java:166) ~[tomcat-embed-core-8.5.27.jar!/:8.5.27]
	at org.springframework.web.filter.HttpPutFormContentFilter.doFilterInternal(HttpPutFormContentFilter.java:108) ~[spring-web-4.3.14.RELEASE.jar!/:4.3.14.RELEASE]
	at org.springframework.web.filter.OncePerRequestFilter.doFilter(OncePerRequestFilter.java:107) ~[spring-web-4.3.14.RELEASE.jar!/:4.3.14.RELEASE]
	at org.apache.catalina.core.ApplicationFilterChain.internalDoFilter(ApplicationFilterChain.java:193) ~[tomcat-embed-core-8.5.27.jar!/:8.5.27]
	at org.apache.catalina.core.ApplicationFilterChain.doFilter(ApplicationFilterChain.java:166) ~[tomcat-embed-core-8.5.27.jar!/:8.5.27]
	at org.springframework.web.filter.HiddenHttpMethodFilter.doFilterInternal(HiddenHttpMethodFilter.java:81) ~[spring-web-4.3.14.RELEASE.jar!/:4.3.14.RELEASE]
	at org.springframework.web.filter.OncePerRequestFilter.doFilter(OncePerRequestFilter.java:107) ~[spring-web-4.3.14.RELEASE.jar!/:4.3.14.RELEASE]
	at org.apache.catalina.core.ApplicationFilterChain.internalDoFilter(ApplicationFilterChain.java:193) ~[tomcat-embed-core-8.5.27.jar!/:8.5.27]
	at org.apache.catalina.core.ApplicationFilterChain.doFilter(ApplicationFilterChain.java:166) ~[tomcat-embed-core-8.5.27.jar!/:8.5.27]
	at org.springframework.web.filter.CharacterEncodingFilter.doFilterInternal(CharacterEncodingFilter.java:197) ~[spring-web-4.3.14.RELEASE.jar!/:4.3.14.RELEASE]
	at org.springframework.web.filter.OncePerRequestFilter.doFilter(OncePerRequestFilter.java:107) ~[spring-web-4.3.14.RELEASE.jar!/:4.3.14.RELEASE]
	at org.apache.catalina.core.ApplicationFilterChain.internalDoFilter(ApplicationFilterChain.java:193) ~[tomcat-embed-core-8.5.27.jar!/:8.5.27]
	at org.apache.catalina.core.ApplicationFilterChain.doFilter(ApplicationFilterChain.java:166) ~[tomcat-embed-core-8.5.27.jar!/:8.5.27]
	at org.apache.catalina.core.StandardWrapperValve.invoke(StandardWrapperValve.java:199) ~[tomcat-embed-core-8.5.27.jar!/:8.5.27]
	at org.apache.catalina.core.StandardContextValve.invoke(StandardContextValve.java:96) [tomcat-embed-core-8.5.27.jar!/:8.5.27]
	at org.apache.catalina.authenticator.AuthenticatorBase.invoke(AuthenticatorBase.java:504) [tomcat-embed-core-8.5.27.jar!/:8.5.27]
	at org.apache.catalina.core.StandardHostValve.invoke(StandardHostValve.java:140) [tomcat-embed-core-8.5.27.jar!/:8.5.27]
	at org.apache.catalina.valves.ErrorReportValve.invoke(ErrorReportValve.java:81) [tomcat-embed-core-8.5.27.jar!/:8.5.27]
	at org.apache.catalina.core.StandardEngineValve.invoke(StandardEngineValve.java:87) [tomcat-embed-core-8.5.27.jar!/:8.5.27]
	at org.apache.catalina.connector.CoyoteAdapter.service(CoyoteAdapter.java:342) [tomcat-embed-core-8.5.27.jar!/:8.5.27]
	at org.apache.coyote.http11.Http11Processor.service(Http11Processor.java:803) [tomcat-embed-core-8.5.27.jar!/:8.5.27]
	at org.apache.coyote.AbstractProcessorLight.process(AbstractProcessorLight.java:66) [tomcat-embed-core-8.5.27.jar!/:8.5.27]
	at org.apache.coyote.AbstractProtocol$ConnectionHandler.process(AbstractProtocol.java:790) [tomcat-embed-core-8.5.27.jar!/:8.5.27]
	at org.apache.tomcat.util.net.NioEndpoint$SocketProcessor.doRun(NioEndpoint.java:1459) [tomcat-embed-core-8.5.27.jar!/:8.5.27]
	at org.apache.tomcat.util.net.SocketProcessorBase.run(SocketProcessorBase.java:49) [tomcat-embed-core-8.5.27.jar!/:8.5.27]
	at java.util.concurrent.ThreadPoolExecutor.runWorker(Unknown Source) [na:1.8.0_31]
	at java.util.concurrent.ThreadPoolExecutor$Worker.run(Unknown Source) [na:1.8.0_31]
	at org.apache.tomcat.util.threads.TaskThread$WrappingRunnable.run(TaskThread.java:61) [tomcat-embed-core-8.5.27.jar!/:8.5.27]
	at java.lang.Thread.run(Unknown Source) [na:1.8.0_31]

2018-06-15 10:03:25.287  INFO 6708 --- [main] c.a.s.alfrescodb.AlfrescoDbApplication   : Starting AlfrescoDbApplication v0.0.1-SNAPSHOT on work with PID 6708 (C:\Users\Cody Collins\Documents\Premier\Git\aps-db-queries\target\aps-db-0.0.1-SNAPSHOT.jar started by Cody Collins in C:\Users\Cody Collins\Documents\Premier\Git\aps-db-queries\target)
2018-06-15 10:03:25.291  INFO 6708 --- [main] c.a.s.alfrescodb.AlfrescoDbApplication   : No active profile set, falling back to default profiles: default
2018-06-15 10:03:27.691  INFO 6708 --- [main] s.b.c.e.t.TomcatEmbeddedServletContainer : Tomcat initialized with port(s): 9999 (http)
